<?xml version="1.0" encoding="UTF-8"?>
<!-- Generated by org.testng.reporters.JUnitXMLReporter -->
<testsuite hostname="HP" ignored="0" name="Test" tests="6" failures="0" timestamp="18 Aug 2018 17:10:22 GMT" time="64.85" errors="0">
  <testcase name="method1" time="35.052" classname="GIT.Gitrep$GitRep"/>
  <testcase name="method1" time="0.007" classname="GIT.Gitrep2"/>
  <testcase name="method2" time="29.72" classname="GIT.Gitrep$GitRep"/>
  <testcase name="method2" time="0.003" classname="GIT.Gitrep2"/>
  <testcase name="method3" time="0.005" classname="GIT.Gitrep$GitRep"/>
  <testcase name="method3" time="0.004" classname="GIT.Gitrep2"/>
</testsuite> <!-- Test -->
