<?xml version="1.0" encoding="UTF-8"?>
<!-- Generated by org.testng.reporters.JUnitXMLReporter -->
<testsuite hostname="HP" ignored="0" name="Test" tests="6" failures="0" timestamp="18 Aug 2018 17:28:57 GMT" time="24.19" errors="0">
  <testcase name="method1" time="13.383" classname="GIT.Gitrep$GitRep"/>
  <testcase name="method1" time="0.01" classname="GIT.Gitrep2"/>
  <testcase name="method2" time="10.722" classname="GIT.Gitrep$GitRep"/>
  <testcase name="method2" time="0.003" classname="GIT.Gitrep2"/>
  <testcase name="method3" time="0.003" classname="GIT.Gitrep$GitRep"/>
  <testcase name="method3" time="0.003" classname="GIT.Gitrep2"/>
</testsuite> <!-- Test -->
