<?xml version="1.0" encoding="UTF-8"?>
<testng-results skipped="0" failed="0" ignored="0" total="6" passed="6">
  <reporter-output>
  </reporter-output>
  <suite name="Suite" duration-ms="89" started-at="2018-08-18T16:32:09Z" finished-at="2018-08-18T16:32:09Z">
    <groups>
    </groups>
    <test name="Test" duration-ms="89" started-at="2018-08-18T16:32:09Z" finished-at="2018-08-18T16:32:09Z">
      <class name="GIT.Gitrep2">
        <test-method status="PASS" signature="method1()[pri:1, instance:GIT.Gitrep2@1a968a59]" name="method1" duration-ms="7" started-at="2018-08-18T22:02:09Z" finished-at="2018-08-18T22:02:09Z">
          <reporter-output>
          </reporter-output>
        </test-method> <!-- method1 -->
        <test-method status="PASS" signature="method2()[pri:2, instance:GIT.Gitrep2@1a968a59]" name="method2" duration-ms="6" started-at="2018-08-18T22:02:09Z" finished-at="2018-08-18T22:02:09Z">
          <reporter-output>
          </reporter-output>
        </test-method> <!-- method2 -->
        <test-method status="PASS" signature="method3()[pri:3, instance:GIT.Gitrep2@1a968a59]" name="method3" duration-ms="6" started-at="2018-08-18T22:02:09Z" finished-at="2018-08-18T22:02:09Z">
          <reporter-output>
          </reporter-output>
        </test-method> <!-- method3 -->
      </class> <!-- GIT.Gitrep2 -->
      <class name="GIT.Gitrep$GitRep">
        <test-method status="PASS" signature="method1()[pri:1, instance:GIT.Gitrep$GitRep@53b32d7]" name="method1" duration-ms="13" started-at="2018-08-18T22:02:09Z" finished-at="2018-08-18T22:02:09Z">
          <reporter-output>
          </reporter-output>
        </test-method> <!-- method1 -->
        <test-method status="PASS" signature="method2()[pri:2, instance:GIT.Gitrep$GitRep@53b32d7]" name="method2" duration-ms="2" started-at="2018-08-18T22:02:09Z" finished-at="2018-08-18T22:02:09Z">
          <reporter-output>
          </reporter-output>
        </test-method> <!-- method2 -->
        <test-method status="PASS" signature="method3()[pri:3, instance:GIT.Gitrep$GitRep@53b32d7]" name="method3" duration-ms="3" started-at="2018-08-18T22:02:09Z" finished-at="2018-08-18T22:02:09Z">
          <reporter-output>
          </reporter-output>
        </test-method> <!-- method3 -->
      </class> <!-- GIT.Gitrep$GitRep -->
    </test> <!-- Test -->
  </suite> <!-- Suite -->
</testng-results>
